{"level":"info","message":"Server is ready to take our messages","service":"user-service"}
{"level":"info","message":"POST /send-email 200","service":"user-service"}
{"level":"info","message":"sending email","service":"user-service"}
{"level":"info","message":"emails sent","service":"user-service"}
{"level":"info","message":["chris.j.mckeown@hotmail.com","chris@kiwicodes.com"],"service":"user-service"}
{"level":"info","message":"Server listening at http://localhost:3000","service":"user-service"}
{"level":"info","message":"Server is ready to take our messages","service":"user-service"}
{"level":"info","message":"POST /send-email 200","service":"user-service"}
{"level":"info","message":"sending email","service":"user-service"}
{"level":"info","message":"emails sent","service":"user-service"}
{"level":"info","message":["chris.j.mckeown@hotmail.com"],"service":"user-service"}
{"level":"info","message":"Server listening at http://localhost:3000","service":"user-service"}
{"level":"info","message":"Server is ready to take our messages","service":"user-service"}
{"level":"info","message":"POST /send-email 200","service":"user-service"}
{"level":"info","message":"sending email","service":"user-service"}
{"level":"info","message":"emails sent","service":"user-service"}
{"level":"info","message":["chris.j.mckeown@hotmail.com"],"service":"user-service"}
{"level":"info","message":"POST /send-email 200","service":"user-service"}
{"level":"info","message":"sending email","service":"user-service"}
{"level":"info","message":"emails sent","service":"user-service"}
{"level":"info","message":["chris.j.mckeown@hotmail.com"],"service":"user-service"}
{"level":"info","message":"Server listening at http://localhost:3000","service":"user-service"}
{"level":"info","message":"Server is ready to take our messages","service":"user-service"}
{"level":"info","message":"POST /send-email 200","service":"user-service"}
{"level":"info","message":"sending email","service":"user-service"}
{"level":"info","message":"emails sent","service":"user-service"}
{"level":"info","message":["chris.j.mckeown@hotmail.com"],"service":"user-service"}
{"level":"info","message":"POST /send-email 200","service":"user-service"}
{"level":"info","message":"sending email","service":"user-service"}
{"level":"info","message":"emails sent","service":"user-service"}
{"level":"info","message":["chris.j.mckeown@hotmail.com"],"service":"user-service"}
{"level":"info","message":"POST /send-email 200","service":"user-service"}
{"level":"info","message":"sending email","service":"user-service"}
{"level":"info","message":"emails sent","service":"user-service"}
{"level":"info","message":["chris.j.mckeown@hotmail.com"],"service":"user-service"}
{"level":"info","message":"POST /send-email 200","service":"user-service"}
{"level":"info","message":"sending email","service":"user-service"}
{"level":"info","message":"emails sent","service":"user-service"}
{"level":"info","message":["chris.j.mckeown@hotmail.com"],"service":"user-service"}
{"level":"info","message":"POST /send-email 200","service":"user-service"}
{"level":"info","message":"sending email","service":"user-service"}
{"level":"info","message":"emails sent","service":"user-service"}
{"level":"info","message":["chris.j.mckeown@hotmail.com"],"service":"user-service"}
{"level":"info","message":"POST /send-email 200","service":"user-service"}
{"level":"info","message":"sending email","service":"user-service"}
{"level":"info","message":"emails sent","service":"user-service"}
{"level":"info","message":["chris.j.mckeown@hotmail.com"],"service":"user-service"}
{"level":"info","message":"Server listening at http://localhost:3000","service":"user-service"}
{"level":"info","message":"Server is ready to take our messages","service":"user-service"}
{"level":"info","message":"Server listening at http://localhost:3000","service":"user-service"}
{"level":"info","message":"Server is ready to take our messages","service":"user-service"}
{"level":"info","message":"POST /send-email 200","service":"user-service"}
{"level":"info","message":"sending email","service":"user-service"}
{"level":"info","message":"emails sent","service":"user-service"}
{"level":"info","message":["chris.j.mckeown@hotmail.com"],"service":"user-service"}
{"level":"info","message":"POST /send-email 200","service":"user-service"}
{"level":"info","message":"sending email","service":"user-service"}
{"level":"info","message":"emails sent","service":"user-service"}
{"level":"info","message":["chris.j.mckeown@hotmail.com"],"service":"user-service"}
{"level":"info","message":"Server listening at http://localhost:3000","service":"user-service"}
{"level":"info","message":"Server is ready to take our messages","service":"user-service"}
{"level":"info","message":"Server listening at http://localhost:3000","service":"user-service"}
{"level":"info","message":"Server is ready to take our messages","service":"user-service"}
{"level":"info","message":"POST /send-email 200","service":"user-service"}
{"level":"info","message":"POST /send-email 200","service":"user-service"}
{"level":"info","message":"sending email","service":"user-service"}
{"level":"info","message":"emails sent","service":"user-service"}
{"level":"info","message":["phillip@kiwicodes.com","chris@kiwicodes.com","chris.j.mckeown@hotmail.com"],"service":"user-service"}
{"level":"info","message":"Server listening at http://localhost:3000","service":"user-service"}
{"level":"info","message":"Server is ready to take our messages","service":"user-service"}
